<testsuite name="Mocha Tests" tests="1" failures="0" errors="0" skipped="0" timestamp="Tue, 29 Oct 2013 12:00:26 GMT" time="0.132">
<testcase classname="Query google" name="should connect to google" time="0.129"/>
</testsuite>
